<?xml version="1.0" encoding="UTF-8"?>
<testng-results ignored="0" total="2" passed="2" failed="0" skipped="0">
  <reporter-output>
  </reporter-output>
  <suite started-at="2023-03-23T08:47:09 IST" name="Suite" finished-at="2023-03-23T08:47:33 IST" duration-ms="23855">
    <groups>
    </groups>
    <test started-at="2023-03-23T08:47:09 IST" name="Test" finished-at="2023-03-23T08:47:33 IST" duration-ms="23855">
      <class name="OrangeHRMSTestCases.HomePageNavigationsTc02">
        <test-method signature="loginTC01()[pri:0, instance:OrangeHRMSTestCases.HomePageNavigationsTc02@3738449f]" started-at="2023-03-23T08:47:20 IST" name="loginTC01" finished-at="2023-03-23T08:47:33 IST" duration-ms="12826" status="PASS">
          <reporter-output>
          </reporter-output>
        </test-method> <!-- loginTC01 -->
      </class> <!-- OrangeHRMSTestCases.HomePageNavigationsTc02 -->
      <class name="OrangeHRMSTestCases.LoginTC01">
        <test-method signature="loginTC01()[pri:0, instance:OrangeHRMSTestCases.LoginTC01@378542de]" started-at="2023-03-23T08:47:09 IST" name="loginTC01" finished-at="2023-03-23T08:47:20 IST" duration-ms="10970" status="PASS">
          <reporter-output>
          </reporter-output>
        </test-method> <!-- loginTC01 -->
      </class> <!-- OrangeHRMSTestCases.LoginTC01 -->
    </test> <!-- Test -->
  </suite> <!-- Suite -->
</testng-results>
